<?xml version="1.0" encoding="UTF-8"?>
<robot generator="Robot 3.1.2 (Python 3.8.2 on win32)" generated="20200315 18:43:03.515" rpa="false">
<suite id="s1" name="Login Form" source="C:\QANinja\Robot\web\tests\login_form.robot">
<test id="s1-t1" name="Login com sucesso">
<kw name="Nova Sessão" library="base" type="setup">
<kw name="Open Browser" library="SeleniumLibrary">
<doc>Opens a new browser instance to the optional ``url``.</doc>
<arguments>
<arg>${url}</arg>
<arg>chrome</arg>
</arguments>
<msg timestamp="20200315 18:43:04.015" level="INFO">Opening browser 'chrome' to base url 'https://training-wheels-protocol.herokuapp.com'.</msg>
<status status="PASS" starttime="20200315 18:43:04.015" endtime="20200315 18:43:10.907"></status>
</kw>
<status status="PASS" starttime="20200315 18:43:04.015" endtime="20200315 18:43:10.907"></status>
</kw>
<kw name="Go To" library="SeleniumLibrary">
<doc>Navigates the current browser window to the provided ``url``.</doc>
<arguments>
<arg>${url}/login</arg>
</arguments>
<msg timestamp="20200315 18:43:10.910" level="INFO">Opening url 'https://training-wheels-protocol.herokuapp.com/login'</msg>
<status status="PASS" starttime="20200315 18:43:10.909" endtime="20200315 18:43:11.441"></status>
</kw>
<kw name="Input Text" library="SeleniumLibrary">
<doc>Types the given ``text`` into the text field identified by ``locator``.</doc>
<arguments>
<arg>css:input[name=username]</arg>
<arg>stark</arg>
</arguments>
<msg timestamp="20200315 18:43:11.441" level="INFO">Typing text 'stark' into text field 'css:input[name=username]'.</msg>
<status status="PASS" starttime="20200315 18:43:11.441" endtime="20200315 18:43:11.710"></status>
</kw>
<kw name="Input Text" library="SeleniumLibrary">
<doc>Types the given ``text`` into the text field identified by ``locator``.</doc>
<arguments>
<arg>css:input[name=password]</arg>
<arg>jarvis!</arg>
</arguments>
<msg timestamp="20200315 18:43:11.712" level="INFO">Typing text 'jarvis!' into text field 'css:input[name=password]'.</msg>
<status status="PASS" starttime="20200315 18:43:11.711" endtime="20200315 18:43:11.946"></status>
</kw>
<kw name="Click Element" library="SeleniumLibrary">
<doc>Click the element identified by ``locator``.</doc>
<arguments>
<arg>class:btn-login</arg>
</arguments>
<msg timestamp="20200315 18:43:11.947" level="INFO">Clicking element 'class:btn-login'.</msg>
<status status="PASS" starttime="20200315 18:43:11.947" endtime="20200315 18:43:12.604"></status>
</kw>
<kw name="Page Should Contain" library="SeleniumLibrary">
<doc>Verifies that current page contains ``text``.</doc>
<arguments>
<arg>Olá, Tony Stark. Você acessou a área logada!</arg>
</arguments>
<msg timestamp="20200315 18:43:12.689" level="INFO">Current page contains text 'Olá, Tony Stark. Você acessou a área logada!'.</msg>
<status status="PASS" starttime="20200315 18:43:12.621" endtime="20200315 18:43:12.689"></status>
</kw>
<kw name="Encerra Sessão" library="base" type="teardown">
<kw name="Capture Page Screenshot" library="SeleniumLibrary">
<doc>Takes a screenshot of the current page and embeds it into a log file.</doc>
<msg timestamp="20200315 18:43:13.128" level="INFO" html="yes">&lt;/td&gt;&lt;/tr&gt;&lt;tr&gt;&lt;td colspan="3"&gt;&lt;a href="selenium-screenshot-4.png"&gt;&lt;img src="selenium-screenshot-4.png" width="800px"&gt;&lt;/a&gt;</msg>
<status status="PASS" starttime="20200315 18:43:12.692" endtime="20200315 18:43:13.129"></status>
</kw>
<kw name="Close Browser" library="SeleniumLibrary">
<doc>Closes the current browser.</doc>
<status status="PASS" starttime="20200315 18:43:13.129" endtime="20200315 18:43:15.431"></status>
</kw>
<status status="PASS" starttime="20200315 18:43:12.691" endtime="20200315 18:43:15.431"></status>
</kw>
<status status="PASS" starttime="20200315 18:43:04.015" endtime="20200315 18:43:15.431" critical="yes"></status>
</test>
<test id="s1-t2" name="Senha inválida">
<kw name="Nova Sessão" library="base" type="setup">
<kw name="Open Browser" library="SeleniumLibrary">
<doc>Opens a new browser instance to the optional ``url``.</doc>
<arguments>
<arg>${url}</arg>
<arg>chrome</arg>
</arguments>
<msg timestamp="20200315 18:43:15.431" level="INFO">Opening browser 'chrome' to base url 'https://training-wheels-protocol.herokuapp.com'.</msg>
<status status="PASS" starttime="20200315 18:43:15.431" endtime="20200315 18:43:22.730"></status>
</kw>
<status status="PASS" starttime="20200315 18:43:15.431" endtime="20200315 18:43:22.731"></status>
</kw>
<kw name="Go To" library="SeleniumLibrary">
<doc>Navigates the current browser window to the provided ``url``.</doc>
<arguments>
<arg>${url}/login</arg>
</arguments>
<msg timestamp="20200315 18:43:22.740" level="INFO">Opening url 'https://training-wheels-protocol.herokuapp.com/login'</msg>
<status status="PASS" starttime="20200315 18:43:22.740" endtime="20200315 18:43:23.285"></status>
</kw>
<kw name="Input Text" library="SeleniumLibrary">
<doc>Types the given ``text`` into the text field identified by ``locator``.</doc>
<arguments>
<arg>css:input[name=username]</arg>
<arg>stark</arg>
</arguments>
<msg timestamp="20200315 18:43:23.285" level="INFO">Typing text 'stark' into text field 'css:input[name=username]'.</msg>
<status status="PASS" starttime="20200315 18:43:23.285" endtime="20200315 18:43:23.538"></status>
</kw>
<kw name="Input Text" library="SeleniumLibrary">
<doc>Types the given ``text`` into the text field identified by ``locator``.</doc>
<arguments>
<arg>css:input[name=password]</arg>
<arg>asd123</arg>
</arguments>
<msg timestamp="20200315 18:43:23.541" level="INFO">Typing text 'asd123' into text field 'css:input[name=password]'.</msg>
<status status="PASS" starttime="20200315 18:43:23.540" endtime="20200315 18:43:23.951"></status>
</kw>
<kw name="Click Element" library="SeleniumLibrary">
<doc>Click the element identified by ``locator``.</doc>
<arguments>
<arg>class:btn-login</arg>
</arguments>
<msg timestamp="20200315 18:43:23.962" level="INFO">Clicking element 'class:btn-login'.</msg>
<status status="PASS" starttime="20200315 18:43:23.961" endtime="20200315 18:43:24.682"></status>
</kw>
<kw name="Get WebElement" library="SeleniumLibrary">
<doc>Returns the first WebElement matching the given ``locator``.</doc>
<arguments>
<arg>id:flash</arg>
</arguments>
<assign>
<var>${message}</var>
</assign>
<msg timestamp="20200315 18:43:24.701" level="INFO">${message} = &lt;selenium.webdriver.remote.webelement.WebElement (session="8ee8f9bf16c9943cc18c46b0fb32562b", element="60579be7-416e-4d2b-abac-02dd4ae9e02b")&gt;</msg>
<status status="PASS" starttime="20200315 18:43:24.683" endtime="20200315 18:43:24.701"></status>
</kw>
<kw name="Should Contain" library="BuiltIn">
<doc>Fails if ``container`` does not contain ``item`` one or more times.</doc>
<arguments>
<arg>${message.text}</arg>
<arg>Senha é invalida!</arg>
</arguments>
<status status="PASS" starttime="20200315 18:43:24.701" endtime="20200315 18:43:24.750"></status>
</kw>
<kw name="Encerra Sessão" library="base" type="teardown">
<kw name="Capture Page Screenshot" library="SeleniumLibrary">
<doc>Takes a screenshot of the current page and embeds it into a log file.</doc>
<msg timestamp="20200315 18:43:25.200" level="INFO" html="yes">&lt;/td&gt;&lt;/tr&gt;&lt;tr&gt;&lt;td colspan="3"&gt;&lt;a href="selenium-screenshot-5.png"&gt;&lt;img src="selenium-screenshot-5.png" width="800px"&gt;&lt;/a&gt;</msg>
<status status="PASS" starttime="20200315 18:43:24.753" endtime="20200315 18:43:25.200"></status>
</kw>
<kw name="Close Browser" library="SeleniumLibrary">
<doc>Closes the current browser.</doc>
<status status="PASS" starttime="20200315 18:43:25.201" endtime="20200315 18:43:27.503"></status>
</kw>
<status status="PASS" starttime="20200315 18:43:24.751" endtime="20200315 18:43:27.503"></status>
</kw>
<tags>
<tag>login_error</tag>
</tags>
<status status="PASS" starttime="20200315 18:43:15.431" endtime="20200315 18:43:27.503" critical="yes"></status>
</test>
<test id="s1-t3" name="Usuário não existe">
<kw name="Nova Sessão" library="base" type="setup">
<kw name="Open Browser" library="SeleniumLibrary">
<doc>Opens a new browser instance to the optional ``url``.</doc>
<arguments>
<arg>${url}</arg>
<arg>chrome</arg>
</arguments>
<msg timestamp="20200315 18:43:27.503" level="INFO">Opening browser 'chrome' to base url 'https://training-wheels-protocol.herokuapp.com'.</msg>
<status status="PASS" starttime="20200315 18:43:27.503" endtime="20200315 18:43:38.445"></status>
</kw>
<status status="PASS" starttime="20200315 18:43:27.503" endtime="20200315 18:43:38.445"></status>
</kw>
<kw name="Go To" library="SeleniumLibrary">
<doc>Navigates the current browser window to the provided ``url``.</doc>
<arguments>
<arg>${url}/login</arg>
</arguments>
<msg timestamp="20200315 18:43:38.447" level="INFO">Opening url 'https://training-wheels-protocol.herokuapp.com/login'</msg>
<status status="PASS" starttime="20200315 18:43:38.446" endtime="20200315 18:43:39.187"></status>
</kw>
<kw name="Input Text" library="SeleniumLibrary">
<doc>Types the given ``text`` into the text field identified by ``locator``.</doc>
<arguments>
<arg>css:input[name=username]</arg>
<arg>Gustavo</arg>
</arguments>
<msg timestamp="20200315 18:43:39.189" level="INFO">Typing text 'Gustavo' into text field 'css:input[name=username]'.</msg>
<status status="PASS" starttime="20200315 18:43:39.189" endtime="20200315 18:43:39.402"></status>
</kw>
<kw name="Input Text" library="SeleniumLibrary">
<doc>Types the given ``text`` into the text field identified by ``locator``.</doc>
<arguments>
<arg>css:input[name=password]</arg>
<arg>asd123</arg>
</arguments>
<msg timestamp="20200315 18:43:39.405" level="INFO">Typing text 'asd123' into text field 'css:input[name=password]'.</msg>
<status status="PASS" starttime="20200315 18:43:39.404" endtime="20200315 18:43:39.595"></status>
</kw>
<kw name="Click Element" library="SeleniumLibrary">
<doc>Click the element identified by ``locator``.</doc>
<arguments>
<arg>class:btn-login</arg>
</arguments>
<msg timestamp="20200315 18:43:39.597" level="INFO">Clicking element 'class:btn-login'.</msg>
<status status="PASS" starttime="20200315 18:43:39.596" endtime="20200315 18:43:40.245"></status>
</kw>
<kw name="Get WebElement" library="SeleniumLibrary">
<doc>Returns the first WebElement matching the given ``locator``.</doc>
<arguments>
<arg>id:flash</arg>
</arguments>
<assign>
<var>${message}</var>
</assign>
<msg timestamp="20200315 18:43:40.315" level="INFO">${message} = &lt;selenium.webdriver.remote.webelement.WebElement (session="6e50001f98cea6ab9a45e559a6acde1a", element="a8e8e1c0-5c86-492b-879c-787ef31b3f75")&gt;</msg>
<status status="PASS" starttime="20200315 18:43:40.268" endtime="20200315 18:43:40.316"></status>
</kw>
<kw name="Should Contain" library="BuiltIn">
<doc>Fails if ``container`` does not contain ``item`` one or more times.</doc>
<arguments>
<arg>${message.text}</arg>
<arg>O usuário informado não está cadastrado!</arg>
</arguments>
<status status="PASS" starttime="20200315 18:43:40.316" endtime="20200315 18:43:40.344"></status>
</kw>
<kw name="Encerra Sessão" library="base" type="teardown">
<kw name="Capture Page Screenshot" library="SeleniumLibrary">
<doc>Takes a screenshot of the current page and embeds it into a log file.</doc>
<msg timestamp="20200315 18:43:40.782" level="INFO" html="yes">&lt;/td&gt;&lt;/tr&gt;&lt;tr&gt;&lt;td colspan="3"&gt;&lt;a href="selenium-screenshot-6.png"&gt;&lt;img src="selenium-screenshot-6.png" width="800px"&gt;&lt;/a&gt;</msg>
<status status="PASS" starttime="20200315 18:43:40.346" endtime="20200315 18:43:40.782"></status>
</kw>
<kw name="Close Browser" library="SeleniumLibrary">
<doc>Closes the current browser.</doc>
<status status="PASS" starttime="20200315 18:43:40.782" endtime="20200315 18:43:44.162"></status>
</kw>
<status status="PASS" starttime="20200315 18:43:40.345" endtime="20200315 18:43:44.162"></status>
</kw>
<tags>
<tag>login_user404</tag>
</tags>
<status status="PASS" starttime="20200315 18:43:27.503" endtime="20200315 18:43:44.162" critical="yes"></status>
</test>
<status status="PASS" starttime="20200315 18:43:03.515" endtime="20200315 18:43:44.162"></status>
</suite>
<statistics>
<total>
<stat pass="3" fail="0">Critical Tests</stat>
<stat pass="3" fail="0">All Tests</stat>
</total>
<tag>
<stat pass="1" fail="0">login_error</stat>
<stat pass="1" fail="0">login_user404</stat>
</tag>
<suite>
<stat pass="3" fail="0" id="s1" name="Login Form">Login Form</stat>
</suite>
</statistics>
<errors>
</errors>
</robot>
