<?xml version="1.0" encoding="UTF-8"?>
<robot generator="Robot 3.1.2 (Python 3.8.2 on win32)" generated="20200315 16:34:40.264" rpa="false">
<suite id="s1" name="Title" source="C:\QANinja\Robot\web\title.robot">
<test id="s1-t1" name="Should See Page Title">
<kw name="Open Browser" library="SeleniumLibrary">
<doc>Opens a new browser instance to the optional ``url``.</doc>
<arguments>
<arg>https://training-wheels-protocol.herokuapp.com</arg>
<arg>chrome</arg>
</arguments>
<msg timestamp="20200315 16:34:40.670" level="INFO">Opening browser 'chrome' to base url 'https://training-wheels-protocol.herokuapp.com'.</msg>
<status status="PASS" starttime="20200315 16:34:40.670" endtime="20200315 16:34:45.934"></status>
</kw>
<kw name="Title Should Be" library="SeleniumLibrary">
<doc>Verifies that the current page title equals ``title``.</doc>
<arguments>
<arg>Training Wheels Protocol</arg>
</arguments>
<msg timestamp="20200315 16:34:45.943" level="INFO">Page title is 'Training Wheels Protocol'.</msg>
<status status="PASS" starttime="20200315 16:34:45.935" endtime="20200315 16:34:45.944"></status>
</kw>
<kw name="Close Browser" library="SeleniumLibrary">
<doc>Closes the current browser.</doc>
<status status="PASS" starttime="20200315 16:34:45.944" endtime="20200315 16:34:48.206"></status>
</kw>
<status status="PASS" starttime="20200315 16:34:40.670" endtime="20200315 16:34:48.206" critical="yes"></status>
</test>
<status status="PASS" starttime="20200315 16:34:40.264" endtime="20200315 16:34:48.206"></status>
</suite>
<statistics>
<total>
<stat pass="1" fail="0">Critical Tests</stat>
<stat pass="1" fail="0">All Tests</stat>
</total>
<tag>
</tag>
<suite>
<stat pass="1" fail="0" id="s1" name="Title">Title</stat>
</suite>
</statistics>
<errors>
</errors>
</robot>
