<?xml version="1.0" encoding="UTF-8"?>
<robot generator="Robot 3.1.2 (Python 3.8.2 on win32)" generated="20200315 18:05:40.675" rpa="false">
<suite id="s1" name="Select" source="C:\QANinja\Robot\web\tests\select.robot">
<test id="s1-t1" name="Selecionar por texto e validar pelo valor">
<kw name="Nova Sessão" library="base" type="setup">
<kw name="Open Browser" library="SeleniumLibrary">
<doc>Opens a new browser instance to the optional ``url``.</doc>
<arguments>
<arg>${url}</arg>
<arg>chrome</arg>
</arguments>
<msg timestamp="20200315 18:05:41.066" level="INFO">Opening browser 'chrome' to base url 'https://training-wheels-protocol.herokuapp.com'.</msg>
<status status="PASS" starttime="20200315 18:05:41.066" endtime="20200315 18:05:49.778"></status>
</kw>
<status status="PASS" starttime="20200315 18:05:41.066" endtime="20200315 18:05:49.778"></status>
</kw>
<kw name="Go To" library="SeleniumLibrary">
<doc>Navigates the current browser window to the provided ``url``.</doc>
<arguments>
<arg>${url}/dropdown</arg>
</arguments>
<msg timestamp="20200315 18:05:49.780" level="INFO">Opening url 'https://training-wheels-protocol.herokuapp.com/dropdown'</msg>
<status status="PASS" starttime="20200315 18:05:49.779" endtime="20200315 18:05:50.255"></status>
</kw>
<kw name="Select From List By Label" library="SeleniumLibrary">
<doc>Selects options from selection list ``locator`` by ``labels``.</doc>
<arguments>
<arg>class:avenger-list</arg>
<arg>Scott Lang</arg>
</arguments>
<msg timestamp="20200315 18:05:50.258" level="INFO">Selecting options from selection list 'class:avenger-list' by label Scott Lang.</msg>
<status status="PASS" starttime="20200315 18:05:50.258" endtime="20200315 18:05:50.513"></status>
</kw>
<kw name="Get Selected List Value" library="SeleniumLibrary">
<doc>Returns the value of selected option from selection list ``locator``.</doc>
<arguments>
<arg>class:avenger-list</arg>
</arguments>
<assign>
<var>${selected}</var>
</assign>
<msg timestamp="20200315 18:05:50.732" level="INFO">${selected} = 7</msg>
<status status="PASS" starttime="20200315 18:05:50.514" endtime="20200315 18:05:50.732"></status>
</kw>
<kw name="Should Be Equal" library="BuiltIn">
<doc>Fails if the given objects are unequal.</doc>
<arguments>
<arg>${selected}</arg>
<arg>7</arg>
</arguments>
<status status="PASS" starttime="20200315 18:05:50.733" endtime="20200315 18:05:50.733"></status>
</kw>
<kw name="Encerra Sessão" library="base" type="teardown">
<kw name="Capture Page Screenshot" library="SeleniumLibrary">
<doc>Takes a screenshot of the current page and embeds it into a log file.</doc>
<msg timestamp="20200315 18:05:51.084" level="INFO" html="yes">&lt;/td&gt;&lt;/tr&gt;&lt;tr&gt;&lt;td colspan="3"&gt;&lt;a href="selenium-screenshot-1.png"&gt;&lt;img src="selenium-screenshot-1.png" width="800px"&gt;&lt;/a&gt;</msg>
<status status="PASS" starttime="20200315 18:05:50.734" endtime="20200315 18:05:51.084"></status>
</kw>
<kw name="Close Browser" library="SeleniumLibrary">
<doc>Closes the current browser.</doc>
<status status="PASS" starttime="20200315 18:05:51.084" endtime="20200315 18:05:53.402"></status>
</kw>
<status status="PASS" starttime="20200315 18:05:50.734" endtime="20200315 18:05:53.402"></status>
</kw>
<status status="PASS" starttime="20200315 18:05:41.066" endtime="20200315 18:05:53.402" critical="yes"></status>
</test>
<test id="s1-t2" name="Selecionar pelo valor e validar pelo texto">
<kw name="Nova Sessão" library="base" type="setup">
<kw name="Open Browser" library="SeleniumLibrary">
<doc>Opens a new browser instance to the optional ``url``.</doc>
<arguments>
<arg>${url}</arg>
<arg>chrome</arg>
</arguments>
<msg timestamp="20200315 18:05:53.402" level="INFO">Opening browser 'chrome' to base url 'https://training-wheels-protocol.herokuapp.com'.</msg>
<status status="PASS" starttime="20200315 18:05:53.402" endtime="20200315 18:05:58.917"></status>
</kw>
<status status="PASS" starttime="20200315 18:05:53.402" endtime="20200315 18:05:58.918"></status>
</kw>
<kw name="Go To" library="SeleniumLibrary">
<doc>Navigates the current browser window to the provided ``url``.</doc>
<arguments>
<arg>${url}/dropdown</arg>
</arguments>
<msg timestamp="20200315 18:05:58.920" level="INFO">Opening url 'https://training-wheels-protocol.herokuapp.com/dropdown'</msg>
<status status="PASS" starttime="20200315 18:05:58.919" endtime="20200315 18:05:59.387"></status>
</kw>
<kw name="Select From List By Value" library="SeleniumLibrary">
<doc>Selects options from selection list ``locator`` by ``values``.</doc>
<arguments>
<arg>id:dropdown</arg>
<arg>6</arg>
</arguments>
<msg timestamp="20200315 18:05:59.418" level="INFO">Selecting options from selection list 'id:dropdown' by value 6.</msg>
<status status="PASS" starttime="20200315 18:05:59.418" endtime="20200315 18:05:59.569"></status>
</kw>
<kw name="Get Selected List Label" library="SeleniumLibrary">
<doc>Returns the label of selected option from selection list ``locator``.</doc>
<arguments>
<arg>id:dropdown</arg>
</arguments>
<assign>
<var>${selected}</var>
</assign>
<msg timestamp="20200315 18:05:59.824" level="INFO">${selected} = Loki</msg>
<status status="PASS" starttime="20200315 18:05:59.571" endtime="20200315 18:05:59.824"></status>
</kw>
<kw name="Should Be Equal" library="BuiltIn">
<doc>Fails if the given objects are unequal.</doc>
<arguments>
<arg>${selected}</arg>
<arg>Loki</arg>
</arguments>
<status status="PASS" starttime="20200315 18:05:59.824" endtime="20200315 18:05:59.824"></status>
</kw>
<kw name="Encerra Sessão" library="base" type="teardown">
<kw name="Capture Page Screenshot" library="SeleniumLibrary">
<doc>Takes a screenshot of the current page and embeds it into a log file.</doc>
<msg timestamp="20200315 18:06:00.229" level="INFO" html="yes">&lt;/td&gt;&lt;/tr&gt;&lt;tr&gt;&lt;td colspan="3"&gt;&lt;a href="selenium-screenshot-2.png"&gt;&lt;img src="selenium-screenshot-2.png" width="800px"&gt;&lt;/a&gt;</msg>
<status status="PASS" starttime="20200315 18:05:59.840" endtime="20200315 18:06:00.229"></status>
</kw>
<kw name="Close Browser" library="SeleniumLibrary">
<doc>Closes the current browser.</doc>
<status status="PASS" starttime="20200315 18:06:00.229" endtime="20200315 18:06:02.541"></status>
</kw>
<status status="PASS" starttime="20200315 18:05:59.840" endtime="20200315 18:06:02.541"></status>
</kw>
<status status="PASS" starttime="20200315 18:05:53.402" endtime="20200315 18:06:02.541" critical="yes"></status>
</test>
<status status="PASS" starttime="20200315 18:05:40.675" endtime="20200315 18:06:02.541"></status>
</suite>
<statistics>
<total>
<stat pass="2" fail="0">Critical Tests</stat>
<stat pass="2" fail="0">All Tests</stat>
</total>
<tag>
</tag>
<suite>
<stat pass="2" fail="0" id="s1" name="Select">Select</stat>
</suite>
</statistics>
<errors>
</errors>
</robot>
