<?xml version="1.0" encoding="UTF-8"?>
<robot generator="Robot 3.1.2 (Python 3.8.2 on win32)" generated="20200301 18:13:57.448" rpa="false">
<suite id="s1" name="Test" source="C:\QANinja\Robot\test.robot">
<test id="s1-t1" name="Deve retornar mensagem de boa vindas">
<kw name="Welcome" library="app">
<arguments>
<arg>Gustavo</arg>
</arguments>
<assign>
<var>${result}</var>
</assign>
<msg timestamp="20200301 18:13:57.714" level="INFO">${result} = Olá Gustavo, bem vindo ao Curso Básico de Robot Framework!</msg>
<status status="PASS" starttime="20200301 18:13:57.714" endtime="20200301 18:13:57.714"></status>
</kw>
<kw name="Should Be Equal" library="BuiltIn">
<doc>Fails if the given objects are unequal.</doc>
<arguments>
<arg>${result}</arg>
<arg>Olá Gustavo, bem vindo ao Curso Básico de Robot Framework!</arg>
</arguments>
<status status="PASS" starttime="20200301 18:13:57.714" endtime="20200301 18:13:57.714"></status>
</kw>
<status status="PASS" starttime="20200301 18:13:57.714" endtime="20200301 18:13:57.714" critical="yes"></status>
</test>
<status status="PASS" starttime="20200301 18:13:57.479" endtime="20200301 18:13:57.714"></status>
</suite>
<statistics>
<total>
<stat pass="1" fail="0">Critical Tests</stat>
<stat pass="1" fail="0">All Tests</stat>
</total>
<tag>
</tag>
<suite>
<stat pass="1" fail="0" id="s1" name="Test">Test</stat>
</suite>
</statistics>
<errors>
</errors>
</robot>
