<?xml version="1.0" encoding="UTF-8"?>
<robot generator="Robot 3.1.2 (Python 3.8.2 on win32)" generated="20200315 18:22:25.103" rpa="false">
<suite id="s1" name="Tables" source="C:\QANinja\Robot\web\tests\tables.robot">
<test id="s1-t1" name="Verifica o valor ao informar o número da linha">
<kw name="Nova Sessão" library="base" type="setup">
<kw name="Open Browser" library="SeleniumLibrary">
<doc>Opens a new browser instance to the optional ``url``.</doc>
<arguments>
<arg>${url}</arg>
<arg>chrome</arg>
</arguments>
<msg timestamp="20200315 18:22:25.494" level="INFO">Opening browser 'chrome' to base url 'https://training-wheels-protocol.herokuapp.com'.</msg>
<status status="PASS" starttime="20200315 18:22:25.494" endtime="20200315 18:22:30.787"></status>
</kw>
<status status="PASS" starttime="20200315 18:22:25.494" endtime="20200315 18:22:30.787"></status>
</kw>
<kw name="Go To" library="SeleniumLibrary">
<doc>Navigates the current browser window to the provided ``url``.</doc>
<arguments>
<arg>${url}/tables</arg>
</arguments>
<msg timestamp="20200315 18:22:30.788" level="INFO">Opening url 'https://training-wheels-protocol.herokuapp.com/tables'</msg>
<status status="PASS" starttime="20200315 18:22:30.788" endtime="20200315 18:22:31.271"></status>
</kw>
<kw name="Table Row Should Contain" library="SeleniumLibrary">
<doc>Verifies that table row contains text ``expected``.</doc>
<arguments>
<arg>id:actors</arg>
<arg>2</arg>
<arg>@vindiesel</arg>
</arguments>
<status status="PASS" starttime="20200315 18:22:31.272" endtime="20200315 18:22:31.366"></status>
</kw>
<kw name="Encerra Sessão" library="base" type="teardown">
<kw name="Capture Page Screenshot" library="SeleniumLibrary">
<doc>Takes a screenshot of the current page and embeds it into a log file.</doc>
<msg timestamp="20200315 18:22:31.746" level="INFO" html="yes">&lt;/td&gt;&lt;/tr&gt;&lt;tr&gt;&lt;td colspan="3"&gt;&lt;a href="selenium-screenshot-7.png"&gt;&lt;img src="selenium-screenshot-7.png" width="800px"&gt;&lt;/a&gt;</msg>
<status status="PASS" starttime="20200315 18:22:31.366" endtime="20200315 18:22:31.747"></status>
</kw>
<kw name="Close Browser" library="SeleniumLibrary">
<doc>Closes the current browser.</doc>
<status status="PASS" starttime="20200315 18:22:31.747" endtime="20200315 18:22:34.041"></status>
</kw>
<status status="PASS" starttime="20200315 18:22:31.366" endtime="20200315 18:22:34.041"></status>
</kw>
<status status="PASS" starttime="20200315 18:22:25.494" endtime="20200315 18:22:34.041" critical="yes"></status>
</test>
<test id="s1-t2" name="Descobre a linha pelo texto chave e valida os demais valores">
<kw name="Nova Sessão" library="base" type="setup">
<kw name="Open Browser" library="SeleniumLibrary">
<doc>Opens a new browser instance to the optional ``url``.</doc>
<arguments>
<arg>${url}</arg>
<arg>chrome</arg>
</arguments>
<msg timestamp="20200315 18:22:34.041" level="INFO">Opening browser 'chrome' to base url 'https://training-wheels-protocol.herokuapp.com'.</msg>
<status status="PASS" starttime="20200315 18:22:34.041" endtime="20200315 18:22:39.454"></status>
</kw>
<status status="PASS" starttime="20200315 18:22:34.041" endtime="20200315 18:22:39.455"></status>
</kw>
<kw name="Go To" library="SeleniumLibrary">
<doc>Navigates the current browser window to the provided ``url``.</doc>
<arguments>
<arg>${url}/tables</arg>
</arguments>
<msg timestamp="20200315 18:22:39.458" level="INFO">Opening url 'https://training-wheels-protocol.herokuapp.com/tables'</msg>
<status status="PASS" starttime="20200315 18:22:39.456" endtime="20200315 18:22:39.842"></status>
</kw>
<kw name="Get WebElement" library="SeleniumLibrary">
<doc>Returns the first WebElement matching the given ``locator``.</doc>
<arguments>
<arg>xpath:.//tr[contains(., 'chadwickboseman')]</arg>
</arguments>
<assign>
<var>${target}</var>
</assign>
<msg timestamp="20200315 18:22:39.875" level="INFO">${target} = &lt;selenium.webdriver.remote.webelement.WebElement (session="a2d09607517d16ef904a5cdb3f95d72a", element="dfd270da-4a54-4581-9453-b139a6a9e9c9")&gt;</msg>
<status status="PASS" starttime="20200315 18:22:39.843" endtime="20200315 18:22:39.875"></status>
</kw>
<kw name="Log" library="BuiltIn">
<doc>Logs the given message with the given level.</doc>
<arguments>
<arg>${target.text}</arg>
</arguments>
<msg timestamp="20200315 18:22:39.908" level="INFO">Chadwick Boseman Pantera Negra Vingadores $ 700.000 @chadwickboseman edit delete</msg>
<status status="PASS" starttime="20200315 18:22:39.876" endtime="20200315 18:22:39.908"></status>
</kw>
<kw name="Log To Console" library="BuiltIn">
<doc>Logs the given message to the console.</doc>
<arguments>
<arg>${target.text}</arg>
</arguments>
<status status="PASS" starttime="20200315 18:22:39.909" endtime="20200315 18:22:39.929"></status>
</kw>
<kw name="Should Contain" library="BuiltIn">
<doc>Fails if ``container`` does not contain ``item`` one or more times.</doc>
<arguments>
<arg>${target.text}</arg>
<arg>$ 700.000</arg>
</arguments>
<status status="PASS" starttime="20200315 18:22:39.930" endtime="20200315 18:22:39.934"></status>
</kw>
<kw name="Should Contain" library="BuiltIn">
<doc>Fails if ``container`` does not contain ``item`` one or more times.</doc>
<arguments>
<arg>${target.text}</arg>
<arg>Pantera Negra</arg>
</arguments>
<status status="PASS" starttime="20200315 18:22:39.934" endtime="20200315 18:22:39.969"></status>
</kw>
<kw name="Encerra Sessão" library="base" type="teardown">
<kw name="Capture Page Screenshot" library="SeleniumLibrary">
<doc>Takes a screenshot of the current page and embeds it into a log file.</doc>
<msg timestamp="20200315 18:22:40.380" level="INFO" html="yes">&lt;/td&gt;&lt;/tr&gt;&lt;tr&gt;&lt;td colspan="3"&gt;&lt;a href="selenium-screenshot-8.png"&gt;&lt;img src="selenium-screenshot-8.png" width="800px"&gt;&lt;/a&gt;</msg>
<status status="PASS" starttime="20200315 18:22:39.971" endtime="20200315 18:22:40.381"></status>
</kw>
<kw name="Close Browser" library="SeleniumLibrary">
<doc>Closes the current browser.</doc>
<status status="PASS" starttime="20200315 18:22:40.381" endtime="20200315 18:22:42.667"></status>
</kw>
<status status="PASS" starttime="20200315 18:22:39.970" endtime="20200315 18:22:42.667"></status>
</kw>
<status status="PASS" starttime="20200315 18:22:34.041" endtime="20200315 18:22:42.667" critical="yes"></status>
</test>
<status status="PASS" starttime="20200315 18:22:25.103" endtime="20200315 18:22:42.667"></status>
</suite>
<statistics>
<total>
<stat pass="2" fail="0">Critical Tests</stat>
<stat pass="2" fail="0">All Tests</stat>
</total>
<tag>
</tag>
<suite>
<stat pass="2" fail="0" id="s1" name="Tables">Tables</stat>
</suite>
</statistics>
<errors>
</errors>
</robot>
